Vivado Simulator v2024.2.0
Copyright 1986-2022 Xilinx, Inc. All Rights Reserved.
Copyright 2022-2024 Advanced Micro Devices, Inc. All Rights Reserved.
Running: D:/Vivado/Vivado/2024.2/bin/unwrapped/win64.o/xelab.exe --incr --debug typical --relax --mt 2 -L xil_defaultlib -L secureip --snapshot AES_tb_behav xil_defaultlib.AES_tb -log elaborate.log 
Using 2 slave threads.
Starting static elaboration
Completed static elaboration
Starting simulation data flow analysis
Completed simulation data flow analysis
Time Resolution for simulation is 1ps
Compiling package std.standard
Compiling package std.textio
Compiling package ieee.std_logic_1164
Compiling architecture behavioral of entity xil_defaultlib.reg [\reg(size=128)\]
Compiling architecture rtl of entity xil_defaultlib.Add_Round_Key [add_round_key_default]
Compiling architecture behavioral of entity xil_defaultlib.SBox [sbox_default]
Compiling architecture behavioral of entity xil_defaultlib.SubBytes [subbytes_default]
Compiling architecture rtl of entity xil_defaultlib.ShiftRows [shiftrows_default]
Compiling architecture behavioral of entity xil_defaultlib.Galois_by2 [galois_by2_default]
Compiling architecture rtl of entity xil_defaultlib.GaloisFinal [galoisfinal_default]
Compiling architecture rtl of entity xil_defaultlib.MixColumns [mixcolumns_default]
Compiling architecture behavioral of entity xil_defaultlib.reg [\reg(size=8)\]
Compiling architecture behavioral of entity xil_defaultlib.Controller [controller_default]
Compiling architecture behavioral of entity xil_defaultlib.Key_Expansion [key_expansion_default]
Compiling architecture behavioral of entity xil_defaultlib.KeyGenerator [keygenerator_default]
Compiling architecture behavioral of entity xil_defaultlib.AES_top [aes_top_default]
Compiling architecture behavior of entity xil_defaultlib.aes_tb
Built simulation snapshot AES_tb_behav
